<?xml version="1.0" encoding="UTF-8"?>
<!-- Generated by org.testng.reporters.JUnitReportReporter -->
<testsuite hostname="DESKTOP-07J33UQ" failures="0" tests="3" name="com.crm.contactsTest.ContactTest" time="0.019" errors="0" timestamp="2022-05-10T15:57:02 IST" skipped="0">
  <testcase classname="com.crm.contactsTest.ContactTest" name="createContact" time="0.015"/>
  <system-out/>
  <testcase classname="com.crm.contactsTest.ContactTest" name="deleteContact" time="0.002"/>
  <system-out/>
  <testcase classname="com.crm.contactsTest.ContactTest" name="modifyContact" time="0.002"/>
  <system-out/>
</testsuite> <!-- com.crm.contactsTest.ContactTest -->
