<?xml version="1.0" encoding="UTF-8"?>
<!-- Generated by org.testng.reporters.JUnitReportReporter -->
<testsuite skipped="0" hostname="DESKTOP-07J33UQ" name="crm.crm.campaignsTest.CampainsTest" tests="3" failures="0" timestamp="2022-05-10T17:15:55 IST" time="0.002" errors="0">
  <testcase name="createCampaign" time="0.001" classname="crm.crm.campaignsTest.CampainsTest"/>
  <system-out/>
  <testcase name="deleteCampaign" time="0.000" classname="crm.crm.campaignsTest.CampainsTest"/>
  <system-out/>
  <testcase name="modifyCampaign" time="0.001" classname="crm.crm.campaignsTest.CampainsTest"/>
  <system-out/>
</testsuite> <!-- crm.crm.campaignsTest.CampainsTest -->
