<?xml version="1.0" encoding="UTF-8"?>
<!-- Generated by org.testng.reporters.JUnitReportReporter -->
<testsuite skipped="0" hostname="DESKTOP-07J33UQ" name="com.crm.OrganizationTest.OrganizationTest" tests="3" failures="0" timestamp="2022-05-10T17:15:55 IST" time="0.001" errors="0">
  <testcase name="modifyOrg" time="0.000" classname="com.crm.OrganizationTest.OrganizationTest"/>
  <system-out/>
  <testcase name="deleteOrg" time="0.001" classname="com.crm.OrganizationTest.OrganizationTest"/>
  <system-out/>
  <testcase name="createOrg" time="0.000" classname="com.crm.OrganizationTest.OrganizationTest"/>
  <system-out/>
</testsuite> <!-- com.crm.OrganizationTest.OrganizationTest -->
