<?xml version="1.0" encoding="UTF-8"?>
<!-- Generated by org.testng.reporters.JUnitReportReporter -->
<testsuite skipped="0" hostname="DESKTOP-07J33UQ" name="com.crm.contactsTest.ContactTest" tests="3" failures="0" timestamp="2022-05-10T17:15:55 IST" time="0.008" errors="0">
  <testcase name="modifyContact" time="0.001" classname="com.crm.contactsTest.ContactTest"/>
  <system-out/>
  <testcase name="createContact" time="0.007" classname="com.crm.contactsTest.ContactTest"/>
  <system-out/>
  <testcase name="deleteContact" time="0.000" classname="com.crm.contactsTest.ContactTest"/>
  <system-out/>
</testsuite> <!-- com.crm.contactsTest.ContactTest -->
